<?xml version="1.0" encoding="UTF-8"?>
<testng-results skipped="0" failed="0" ignored="0" total="1" passed="1">
  <reporter-output>
  </reporter-output>
  <suite name="autoTest" duration-ms="13" started-at="2021-05-12T06:17:05Z" finished-at="2021-05-12T06:17:05Z">
    <groups>
    </groups>
    <test name="mooc" duration-ms="13" started-at="2021-05-12T06:17:05Z" finished-at="2021-05-12T06:17:05Z">
      <class name="TestCase">
        <test-method status="PASS" signature="test()[pri:0, instance:TestCase@2433c2f0]" name="test" duration-ms="3" started-at="2021-05-12T06:17:05Z" finished-at="2021-05-12T06:17:05Z">
          <reporter-output>
          </reporter-output>
        </test-method> <!-- test -->
      </class> <!-- TestCase -->
    </test> <!-- mooc -->
  </suite> <!-- autoTest -->
</testng-results>
